[debug] [2024-07-29T19:17:27.513Z] ----------------------------------------------------------------------
[debug] [2024-07-29T19:17:27.515Z] Command:       /usr/local/bin/firebase /Users/jeffreygeorge/.cache/firebase/tools/lib/node_modules/firebase-tools/lib/bin/firebase init
[debug] [2024-07-29T19:17:27.515Z] CLI Version:   13.10.0
[debug] [2024-07-29T19:17:27.515Z] Platform:      darwin
[debug] [2024-07-29T19:17:27.515Z] Node Version:  v18.5.0
[debug] [2024-07-29T19:17:27.521Z] Time:          Mon Jul 29 2024 15:17:27 GMT-0400 (Eastern Daylight Time)
[debug] [2024-07-29T19:17:27.521Z] ----------------------------------------------------------------------
[debug] 
[debug] [2024-07-29T19:17:27.586Z] > command requires scopes: ["email","openid","https://www.googleapis.com/auth/cloudplatformprojects.readonly","https://www.googleapis.com/auth/firebase","https://www.googleapis.com/auth/cloud-platform"]
[debug] [2024-07-29T19:17:27.588Z] > authorizing via signed-in user (jeffreygeorge@google.com)
[info] 
     ######## #### ########  ######## ########     ###     ######  ########
     ##        ##  ##     ## ##       ##     ##  ##   ##  ##       ##
     ######    ##  ########  ######   ########  #########  ######  ######
     ##        ##  ##    ##  ##       ##     ## ##     ##       ## ##
     ##       #### ##     ## ######## ########  ##     ##  ######  ########

You're about to initialize a Firebase project in this directory:

  /Users/jeffreygeorge

Before we get started, keep in mind:

  * You are initializing within an existing Firebase project directory

